============================================================
  Generated by:           Encounter(R) RTL Compiler RC14.13 - v14.10-s027_1
  Generated on:           Oct 10 2021  11:06:24 pm
  Module:                 top_interface
  Technology library:     NanGate_15nm_OCL revision 1.0
  Operating conditions:   worst_low (balanced_tree)
  Wireload mode:          enclosed
  Area mode:              timing library
============================================================

                               
   Gate     Instances   Area         Library       
---------------------------------------------------
AND2_X1             4    1.180    NanGate_15nm_OCL 
AND3_X1             1    0.393    NanGate_15nm_OCL 
AOI21_X1           27    7.963    NanGate_15nm_OCL 
AOI22_X1           29    9.978    NanGate_15nm_OCL 
DFFSNQ_X1          18   23.003    NanGate_15nm_OCL 
HA_X1               5    3.195    NanGate_15nm_OCL 
INV_X1             67    9.880    NanGate_15nm_OCL 
INV_X2              2    0.393    NanGate_15nm_OCL 
LHQ_X1             29   19.956    NanGate_15nm_OCL 
NAND2_X1           66   12.976    NanGate_15nm_OCL 
NAND3_X1           16    4.719    NanGate_15nm_OCL 
NAND4_X1           12    4.129    NanGate_15nm_OCL 
NOR2_X1            77   15.139    NanGate_15nm_OCL 
NOR3_X1             8    2.359    NanGate_15nm_OCL 
NOR4_X1             6    2.064    NanGate_15nm_OCL 
OAI21_X1           30    8.847    NanGate_15nm_OCL 
OAI22_X1           15    5.161    NanGate_15nm_OCL 
OR2_X1              8    2.359    NanGate_15nm_OCL 
OR3_X1              3    1.180    NanGate_15nm_OCL 
OR4_X1              1    0.442    NanGate_15nm_OCL 
SDFFSNQ_X1          3    4.866    NanGate_15nm_OCL 
XOR2_X1             2    0.885    NanGate_15nm_OCL 
---------------------------------------------------
total             429  141.066                     


                                    
   Type    Instances   Area  Area % 
------------------------------------
sequential        50  47.825   33.9 
inverter          69  10.273    7.3 
logic            310  82.969   58.8 
------------------------------------
total            429 141.066  100.0 

